# JRE version: Java(TM) SE Runtime Environment (21.0.4+8) (build 21.0.4+8-LTS-274)
# Java VM: Java HotSpot(TM) 64-Bit Server VM (21.0.4+8-LTS-274, mixed mode, sharing, tiered, compressed oops, compressed class ptrs, g1 gc, windows-amd64)
GC Precious Log:
 CardTable entry size: 512
 Card Set container configuration: InlinePtr #cards 5 size 8 Array Of Cards #cards 12 size 40 Howl #buckets 4 coarsen threshold 1843 Howl Bitmap #cards 512 size 80 coarsen threshold 460 Card regions per heap region 1 cards per card region 2048
 CPUs: 8 total, 8 available
 Memory: 12067M
 Large Page Support: Disabled
 NUMA Support: Disabled
 Compressed Oops: Enabled (32-bit)
 Heap Region Size: 1M
 Heap Min Capacity: 256M
 Heap Initial Capacity: 256M
 Heap Max Capacity: 512M
 Pre-touch: Disabled
 Parallel Workers: 8
 Concurrent Workers: 2
 Concurrent Refinement Workers: 8
 Periodic GC: Disabled
Heap:
 garbage-first heap   total 262144K, used 70144K [0x00000000e0000000, 0x0000000100000000)
  region size 1024K, 33 young (33792K), 9 survivors (9216K)
 Metaspace       used 63142K, committed 65088K, reserved 393216K
  class space    used 9079K, committed 10048K, reserved 327680K
GC Heap History (16 events):
Event: 4.371 GC heap before
{Heap before GC invocations=0 (full 0):
 garbage-first heap   total 262144K, used 22528K [0x00000000e0000000, 0x0000000100000000)
  region size 1024K, 23 young (23552K), 0 survivors (0K)
 Metaspace       used 1086K, committed 1216K, reserved 393216K
  class space    used 78K, committed 128K, reserved 327680K
}
Event: 4.807 GC heap after
{Heap after GC invocations=1 (full 0):
 garbage-first heap   total 262144K, used 3162K [0x00000000e0000000, 0x0000000100000000)
  region size 1024K, 3 young (3072K), 3 survivors (3072K)
 Metaspace       used 1086K, committed 1216K, reserved 393216K
  class space    used 78K, committed 128K, reserved 327680K
}
Event: 7.983 GC heap before
{Heap before GC invocations=1 (full 0):
 garbage-first heap   total 262144K, used 41050K [0x00000000e0000000, 0x0000000100000000)
  region size 1024K, 37 young (37888K), 3 survivors (3072K)
 Metaspace       used 4420K, committed 4608K, reserved 393216K
  class space    used 540K, committed 640K, reserved 327680K
}
Event: 7.987 GC heap after
{Heap after GC invocations=2 (full 0):
 garbage-first heap   total 262144K, used 10573K [0x00000000e0000000, 0x0000000100000000)
  region size 1024K, 5 young (5120K), 5 survivors (5120K)
 Metaspace       used 4420K, committed 4608K, reserved 393216K
  class space    used 540K, committed 640K, reserved 327680K
}
Event: 11.989 GC heap before
{Heap before GC invocations=2 (full 0):
 garbage-first heap   total 262144K, used 63821K [0x00000000e0000000, 0x0000000100000000)
  region size 1024K, 55 young (56320K), 5 survivors (5120K)
 Metaspace       used 5907K, committed 6144K, reserved 393216K
  class space    used 756K, committed 832K, reserved 327680K
}
Event: 11.993 GC heap after
{Heap after GC invocations=3 (full 0):
 garbage-first heap   total 262144K, used 17452K [0x00000000e0000000, 0x0000000100000000)
  region size 1024K, 6 young (6144K), 6 survivors (6144K)
 Metaspace       used 5907K, committed 6144K, reserved 393216K
  class space    used 756K, committed 832K, reserved 327680K
}
Event: 22.159 GC heap before
{Heap before GC invocations=3 (full 0):
 garbage-first heap   total 262144K, used 103468K [0x00000000e0000000, 0x0000000100000000)
  region size 1024K, 91 young (93184K), 6 survivors (6144K)
 Metaspace       used 20894K, committed 21504K, reserved 393216K
  class space    used 3016K, committed 3328K, reserved 327680K
}
Event: 22.513 GC heap after
{Heap after GC invocations=4 (full 0):
 garbage-first heap   total 262144K, used 23891K [0x00000000e0000000, 0x0000000100000000)
  region size 1024K, 12 young (12288K), 12 survivors (12288K)
 Metaspace       used 20894K, committed 21504K, reserved 393216K
  class space    used 3016K, committed 3328K, reserved 327680K
}
Event: 26.316 GC heap before
{Heap before GC invocations=5 (full 0):
 garbage-first heap   total 262144K, used 124243K [0x00000000e0000000, 0x0000000100000000)
  region size 1024K, 112 young (114688K), 12 survivors (12288K)
 Metaspace       used 36470K, committed 37760K, reserved 393216K
  class space    used 5275K, committed 5952K, reserved 327680K
}
Event: 26.329 GC heap after
{Heap after GC invocations=6 (full 0):
 garbage-first heap   total 262144K, used 31475K [0x00000000e0000000, 0x0000000100000000)
  region size 1024K, 14 young (14336K), 14 survivors (14336K)
 Metaspace       used 36470K, committed 37760K, reserved 393216K
  class space    used 5275K, committed 5952K, reserved 327680K
}
Event: 39.753 GC heap before
{Heap before GC invocations=7 (full 0):
 garbage-first heap   total 262144K, used 179955K [0x00000000e0000000, 0x0000000100000000)
  region size 1024K, 153 young (156672K), 14 survivors (14336K)
 Metaspace       used 48935K, committed 50624K, reserved 393216K
  class space    used 7020K, committed 7872K, reserved 327680K
}
Event: 39.767 GC heap after
{Heap after GC invocations=8 (full 0):
 garbage-first heap   total 262144K, used 37557K [0x00000000e0000000, 0x0000000100000000)
  region size 1024K, 14 young (14336K), 14 survivors (14336K)
 Metaspace       used 48935K, committed 50624K, reserved 393216K
  class space    used 7020K, committed 7872K, reserved 327680K
}
Event: 62.360 GC heap before
{Heap before GC invocations=8 (full 0):
 garbage-first heap   total 262144K, used 179893K [0x00000000e0000000, 0x0000000100000000)
  region size 1024K, 153 young (156672K), 14 survivors (14336K)
 Metaspace       used 61002K, committed 62976K, reserved 393216K
  class space    used 8816K, committed 9792K, reserved 327680K
}
Event: 62.391 GC heap after
{Heap after GC invocations=9 (full 0):
 garbage-first heap   total 262144K, used 45518K [0x00000000e0000000, 0x0000000100000000)
  region size 1024K, 15 young (15360K), 15 survivors (15360K)
 Metaspace       used 61002K, committed 62976K, reserved 393216K
  class space    used 8816K, committed 9792K, reserved 327680K
}
Event: 62.527 GC heap before
{Heap before GC invocations=9 (full 0):
 garbage-first heap   total 262144K, used 46542K [0x00000000e0000000, 0x0000000100000000)
  region size 1024K, 17 young (17408K), 15 survivors (15360K)
 Metaspace       used 61145K, committed 63040K, reserved 393216K
  class space    used 8842K, committed 9792K, reserved 327680K
}
Event: 62.544 GC heap after
{Heap after GC invocations=10 (full 0):
 garbage-first heap   total 262144K, used 46592K [0x00000000e0000000, 0x0000000100000000)
  region size 1024K, 9 young (9216K), 9 survivors (9216K)
 Metaspace       used 61145K, committed 63040K, reserved 393216K
  class space    used 8842K, committed 9792K, reserved 327680K
}

